<?xml version="1.0" encoding="UTF-8"?>
<testsuite xmlns:xsi="http://www.w3.org/2001/XMLSchema-instance" xsi:noNamespaceSchemaLocation="https://maven.apache.org/surefire/maven-surefire-plugin/xsd/surefire-test-report.xsd" name="HuffmanTest" time="0.168" tests="3" errors="0" skipped="0" failures="0">
  <properties>
[...]
</properties>
  <testcase name="RandomContentGenerator" classname="HuffmanTest" time="0.08"/>
  <testcase name="wrongNumberOfArguments" classname="HuffmanTest" time="0.001"/>
  <testcase name="fileDoNotExist" classname="HuffmanTest" time="0.001"/>
</testsuite>